<?xml version="1.0" encoding="UTF-8"?>
<testng-results skipped="0" failed="0" total="2" passed="2">
  <reporter-output>
  </reporter-output>
  <suite name="Default suite" duration-ms="22595" started-at="2017-03-16T10:18:52Z" finished-at="2017-03-16T10:19:15Z">
    <groups>
    </groups>
    <test name="Default test" duration-ms="22595" started-at="2017-03-16T10:18:52Z" finished-at="2017-03-16T10:19:15Z">
      <class name="TestNG.wordpress_site">
        <test-method status="PASS" signature="launchapp()[pri:0, instance:TestNG.wordpress_site@4439f31e]" name="launchapp" is-config="true" duration-ms="4468" started-at="2017-03-16T12:18:52Z" finished-at="2017-03-16T12:18:56Z">
          <reporter-output>
          </reporter-output>
        </test-method> <!-- launchapp -->
        <test-method status="PASS" signature="WP_01_Login()[pri:0, instance:TestNG.wordpress_site@4439f31e]" name="WP_01_Login" duration-ms="5662" started-at="2017-03-16T12:18:56Z" finished-at="2017-03-16T12:19:02Z">
          <reporter-output>
          </reporter-output>
        </test-method> <!-- WP_01_Login -->
        <test-method status="PASS" signature="WP_02_Add_Post()[pri:0, instance:TestNG.wordpress_site@4439f31e]" name="WP_02_Add_Post" duration-ms="12169" started-at="2017-03-16T12:19:02Z" finished-at="2017-03-16T12:19:14Z">
          <reporter-output>
          </reporter-output>
        </test-method> <!-- WP_02_Add_Post -->
        <test-method status="PASS" signature="terminatetest()[pri:0, instance:TestNG.wordpress_site@4439f31e]" name="terminatetest" is-config="true" duration-ms="283" started-at="2017-03-16T12:19:14Z" finished-at="2017-03-16T12:19:15Z">
          <reporter-output>
          </reporter-output>
        </test-method> <!-- terminatetest -->
      </class> <!-- TestNG.wordpress_site -->
    </test> <!-- Default test -->
  </suite> <!-- Default suite -->
</testng-results>
